── [1mAttaching packages[22m ──────────────────────────────────────────────────────────────────────────── tidyverse 1.2.1 ──
[32m✔[39m [34mggplot2[39m 3.2.0     [32m✔[39m [34mpurrr  [39m 0.3.2
[32m✔[39m [34mtibble [39m 2.1.3     [32m✔[39m [34mdplyr  [39m 0.8.2
[32m✔[39m [34mtidyr  [39m 0.8.3     [32m✔[39m [34mstringr[39m 1.4.0
[32m✔[39m [34mreadr  [39m 1.3.1     [32m✔[39m [34mforcats[39m 0.4.0
── [1mConflicts[22m ─────────────────────────────────────────────────────────────────────────────── tidyverse_conflicts() ──
[31m✖[39m [34mdplyr[39m::[32mfilter()[39m masks [34mstats[39m::filter()
[31m✖[39m [34mdplyr[39m::[32mlag()[39m    masks [34mstats[39m::lag()

Attaching package: ‘lubridate’

The following object is masked from ‘package:base’:

    date


Attaching package: ‘jsonlite’

The following objects are masked from ‘package:RJSONIO’:

    fromJSON, toJSON

The following object is masked from ‘package:purrr’:

    flatten

-- Attaching packages --------------------------------------- tidyverse 1.2.1 --
v ggplot2 3.2.0     v purrr   0.3.2
v tibble  2.1.3     v dplyr   0.8.2
v tidyr   0.8.3     v stringr 1.4.0
v readr   1.3.1     v forcats 0.4.0
-- Conflicts ------------------------------------------ tidyverse_conflicts() --
x dplyr::filter() masks stats::filter()
x dplyr::lag()    masks stats::lag()

Attaching package: 'lubridate'

The following object is masked from 'package:base':

    date


Attaching package: 'jsonlite'

The following objects are masked from 'package:RJSONIO':

    fromJSON, toJSON

The following object is masked from 'package:purrr':

    flatten

-- Attaching packages --------------------------------------- tidyverse 1.2.1 --
v ggplot2 3.2.0     v purrr   0.3.2
v tibble  2.1.3     v dplyr   0.8.2
v tidyr   0.8.3     v stringr 1.4.0
v readr   1.3.1     v forcats 0.4.0
-- Conflicts ------------------------------------------ tidyverse_conflicts() --
x dplyr::filter() masks stats::filter()
x dplyr::lag()    masks stats::lag()

Attaching package: 'lubridate'

The following object is masked from 'package:base':

    date


Attaching package: 'jsonlite'

The following objects are masked from 'package:RJSONIO':

    fromJSON, toJSON

The following object is masked from 'package:purrr':

    flatten

-- Attaching packages --------------------------------------- tidyverse 1.2.1 --
v ggplot2 3.2.0     v purrr   0.3.2
v tibble  2.1.3     v dplyr   0.8.2
v tidyr   0.8.3     v stringr 1.4.0
v readr   1.3.1     v forcats 0.4.0
-- Conflicts ------------------------------------------ tidyverse_conflicts() --
x dplyr::filter() masks stats::filter()
x dplyr::lag()    masks stats::lag()

Attaching package: 'lubridate'

The following object is masked from 'package:base':

    date


Attaching package: 'jsonlite'

The following objects are masked from 'package:RJSONIO':

    fromJSON, toJSON

The following object is masked from 'package:purrr':

    flatten

-- Attaching packages --------------------------------------- tidyverse 1.2.1 --
v ggplot2 3.2.0     v purrr   0.3.2
v tibble  2.1.3     v dplyr   0.8.2
v tidyr   0.8.3     v stringr 1.4.0
v readr   1.3.1     v forcats 0.4.0
-- Conflicts ------------------------------------------ tidyverse_conflicts() --
x dplyr::filter() masks stats::filter()
x dplyr::lag()    masks stats::lag()

Attaching package: 'lubridate'

The following object is masked from 'package:base':

    date


Attaching package: 'jsonlite'

The following objects are masked from 'package:RJSONIO':

    fromJSON, toJSON

The following object is masked from 'package:purrr':

    flatten

-- Attaching packages --------------------------------------- tidyverse 1.2.1 --
v ggplot2 3.2.0     v purrr   0.3.2
v tibble  2.1.3     v dplyr   0.8.2
v tidyr   0.8.3     v stringr 1.4.0
v readr   1.3.1     v forcats 0.4.0
-- Conflicts ------------------------------------------ tidyverse_conflicts() --
x dplyr::filter() masks stats::filter()
x dplyr::lag()    masks stats::lag()

Attaching package: 'lubridate'

The following object is masked from 'package:base':

    date


Attaching package: 'jsonlite'

The following objects are masked from 'package:RJSONIO':

    fromJSON, toJSON

The following object is masked from 'package:purrr':

    flatten

-- Attaching packages --------------------------------------- tidyverse 1.2.1 --
v ggplot2 3.2.0     v purrr   0.3.2
v tibble  2.1.3     v dplyr   0.8.2
v tidyr   0.8.3     v stringr 1.4.0
v readr   1.3.1     v forcats 0.4.0
-- Conflicts ------------------------------------------ tidyverse_conflicts() --
x dplyr::filter() masks stats::filter()
x dplyr::lag()    masks stats::lag()

Attaching package: 'lubridate'

The following object is masked from 'package:base':

    date


Attaching package: 'jsonlite'

The following objects are masked from 'package:RJSONIO':

    fromJSON, toJSON

The following object is masked from 'package:purrr':

    flatten

-- Attaching packages --------------------------------------- tidyverse 1.2.1 --
v ggplot2 3.2.0     v purrr   0.3.2
v tibble  2.1.3     v dplyr   0.8.2
v tidyr   0.8.3     v stringr 1.4.0
v readr   1.3.1     v forcats 0.4.0
-- Conflicts ------------------------------------------ tidyverse_conflicts() --
x dplyr::filter() masks stats::filter()
x dplyr::lag()    masks stats::lag()

Attaching package: 'lubridate'

The following object is masked from 'package:base':

    date


Attaching package: 'jsonlite'

The following objects are masked from 'package:RJSONIO':

    fromJSON, toJSON

The following object is masked from 'package:purrr':

    flatten

-- Attaching packages --------------------------------------- tidyverse 1.2.1 --
v ggplot2 3.2.0     v purrr   0.3.2
v tibble  2.1.3     v dplyr   0.8.2
v tidyr   0.8.3     v stringr 1.4.0
v readr   1.3.1     v forcats 0.4.0
-- Conflicts ------------------------------------------ tidyverse_conflicts() --
x dplyr::filter() masks stats::filter()
x dplyr::lag()    masks stats::lag()

Attaching package: 'lubridate'

The following object is masked from 'package:base':

    date


Attaching package: 'jsonlite'

The following objects are masked from 'package:RJSONIO':

    fromJSON, toJSON

The following object is masked from 'package:purrr':

    flatten

-- Attaching packages --------------------------------------- tidyverse 1.2.1 --
v ggplot2 3.2.0     v purrr   0.3.2
v tibble  2.1.3     v dplyr   0.8.2
v tidyr   0.8.3     v stringr 1.4.0
v readr   1.3.1     v forcats 0.4.0
-- Conflicts ------------------------------------------ tidyverse_conflicts() --
x dplyr::filter() masks stats::filter()
x dplyr::lag()    masks stats::lag()

Attaching package: 'lubridate'

The following object is masked from 'package:base':

    date


Attaching package: 'jsonlite'

The following objects are masked from 'package:RJSONIO':

    fromJSON, toJSON

The following object is masked from 'package:purrr':

    flatten

-- Attaching packages --------------------------------------- tidyverse 1.2.1 --
v ggplot2 3.2.0     v purrr   0.3.2
v tibble  2.1.3     v dplyr   0.8.2
v tidyr   0.8.3     v stringr 1.4.0
v readr   1.3.1     v forcats 0.4.0
-- Conflicts ------------------------------------------ tidyverse_conflicts() --
x dplyr::filter() masks stats::filter()
x dplyr::lag()    masks stats::lag()

Attaching package: 'lubridate'

The following object is masked from 'package:base':

    date


Attaching package: 'jsonlite'

The following objects are masked from 'package:RJSONIO':

    fromJSON, toJSON

The following object is masked from 'package:purrr':

    flatten

-- Attaching packages --------------------------------------- tidyverse 1.2.1 --
v ggplot2 3.2.0     v purrr   0.3.2
v tibble  2.1.3     v dplyr   0.8.2
v tidyr   0.8.3     v stringr 1.4.0
v readr   1.3.1     v forcats 0.4.0
-- Conflicts ------------------------------------------ tidyverse_conflicts() --
x dplyr::filter() masks stats::filter()
x dplyr::lag()    masks stats::lag()

Attaching package: 'lubridate'

The following object is masked from 'package:base':

    date


Attaching package: 'jsonlite'

The following objects are masked from 'package:RJSONIO':

    fromJSON, toJSON

The following object is masked from 'package:purrr':

    flatten

-- Attaching packages --------------------------------------- tidyverse 1.2.1 --
v ggplot2 3.2.0     v purrr   0.3.2
v tibble  2.1.3     v dplyr   0.8.2
v tidyr   0.8.3     v stringr 1.4.0
v readr   1.3.1     v forcats 0.4.0
-- Conflicts ------------------------------------------ tidyverse_conflicts() --
x dplyr::filter() masks stats::filter()
x dplyr::lag()    masks stats::lag()

Attaching package: 'lubridate'

The following object is masked from 'package:base':

    date


Attaching package: 'jsonlite'

The following objects are masked from 'package:RJSONIO':

    fromJSON, toJSON

The following object is masked from 'package:purrr':

    flatten

-- Attaching packages --------------------------------------- tidyverse 1.2.1 --
v ggplot2 3.2.0     v purrr   0.3.2
v tibble  2.1.3     v dplyr   0.8.2
v tidyr   0.8.3     v stringr 1.4.0
v readr   1.3.1     v forcats 0.4.0
-- Conflicts ------------------------------------------ tidyverse_conflicts() --
x dplyr::filter() masks stats::filter()
x dplyr::lag()    masks stats::lag()

Attaching package: 'lubridate'

The following object is masked from 'package:base':

    date


Attaching package: 'jsonlite'

The following objects are masked from 'package:RJSONIO':

    fromJSON, toJSON

The following object is masked from 'package:purrr':

    flatten

Fatal error: cannot open file '/Users/michaelspencer/data_projects/venmo_transactions/venmo_api_scraping.R': No such file or directory
-- Attaching packages --------------------------------------- tidyverse 1.2.1 --
v ggplot2 3.2.0     v purrr   0.3.2
v tibble  2.1.3     v dplyr   0.8.2
v tidyr   0.8.3     v stringr 1.4.0
v readr   1.3.1     v forcats 0.4.0
-- Conflicts ------------------------------------------ tidyverse_conflicts() --
x dplyr::filter() masks stats::filter()
x dplyr::lag()    masks stats::lag()

Attaching package: 'lubridate'

The following object is masked from 'package:base':

    date


Attaching package: 'jsonlite'

The following objects are masked from 'package:RJSONIO':

    fromJSON, toJSON

The following object is masked from 'package:purrr':

    flatten

-- Attaching packages --------------------------------------- tidyverse 1.2.1 --
v ggplot2 3.2.0     v purrr   0.3.2
v tibble  2.1.3     v dplyr   0.8.2
v tidyr   0.8.3     v stringr 1.4.0
v readr   1.3.1     v forcats 0.4.0
-- Conflicts ------------------------------------------ tidyverse_conflicts() --
x dplyr::filter() masks stats::filter()
x dplyr::lag()    masks stats::lag()

Attaching package: 'lubridate'

The following object is masked from 'package:base':

    date


Attaching package: 'jsonlite'

The following objects are masked from 'package:RJSONIO':

    fromJSON, toJSON

The following object is masked from 'package:purrr':

    flatten

-- Attaching packages --------------------------------------- tidyverse 1.2.1 --
v ggplot2 3.2.0     v purrr   0.3.2
v tibble  2.1.3     v dplyr   0.8.2
v tidyr   0.8.3     v stringr 1.4.0
v readr   1.3.1     v forcats 0.4.0
-- Conflicts ------------------------------------------ tidyverse_conflicts() --
x dplyr::filter() masks stats::filter()
x dplyr::lag()    masks stats::lag()

Attaching package: 'lubridate'

The following object is masked from 'package:base':

    date


Attaching package: 'jsonlite'

The following objects are masked from 'package:RJSONIO':

    fromJSON, toJSON

The following object is masked from 'package:purrr':

    flatten

-- Attaching packages --------------------------------------- tidyverse 1.2.1 --
v ggplot2 3.2.0     v purrr   0.3.2
v tibble  2.1.3     v dplyr   0.8.2
v tidyr   0.8.3     v stringr 1.4.0
v readr   1.3.1     v forcats 0.4.0
-- Conflicts ------------------------------------------ tidyverse_conflicts() --
x dplyr::filter() masks stats::filter()
x dplyr::lag()    masks stats::lag()

Attaching package: 'lubridate'

The following object is masked from 'package:base':

    date


Attaching package: 'jsonlite'

The following objects are masked from 'package:RJSONIO':

    fromJSON, toJSON

The following object is masked from 'package:purrr':

    flatten

-- Attaching packages --------------------------------------- tidyverse 1.2.1 --
v ggplot2 3.2.0     v purrr   0.3.2
v tibble  2.1.3     v dplyr   0.8.2
v tidyr   0.8.3     v stringr 1.4.0
v readr   1.3.1     v forcats 0.4.0
-- Conflicts ------------------------------------------ tidyverse_conflicts() --
x dplyr::filter() masks stats::filter()
x dplyr::lag()    masks stats::lag()

Attaching package: 'lubridate'

The following object is masked from 'package:base':

    date


Attaching package: 'jsonlite'

The following objects are masked from 'package:RJSONIO':

    fromJSON, toJSON

The following object is masked from 'package:purrr':

    flatten

-- Attaching packages --------------------------------------- tidyverse 1.2.1 --
v ggplot2 3.2.0     v purrr   0.3.2
v tibble  2.1.3     v dplyr   0.8.2
v tidyr   0.8.3     v stringr 1.4.0
v readr   1.3.1     v forcats 0.4.0
-- Conflicts ------------------------------------------ tidyverse_conflicts() --
x dplyr::filter() masks stats::filter()
x dplyr::lag()    masks stats::lag()

Attaching package: 'lubridate'

The following object is masked from 'package:base':

    date


Attaching package: 'jsonlite'

The following objects are masked from 'package:RJSONIO':

    fromJSON, toJSON

The following object is masked from 'package:purrr':

    flatten

-- Attaching packages --------------------------------------- tidyverse 1.2.1 --
v ggplot2 3.2.0     v purrr   0.3.2
v tibble  2.1.3     v dplyr   0.8.2
v tidyr   0.8.3     v stringr 1.4.0
v readr   1.3.1     v forcats 0.4.0
-- Conflicts ------------------------------------------ tidyverse_conflicts() --
x dplyr::filter() masks stats::filter()
x dplyr::lag()    masks stats::lag()

Attaching package: 'lubridate'

The following object is masked from 'package:base':

    date


Attaching package: 'jsonlite'

The following objects are masked from 'package:RJSONIO':

    fromJSON, toJSON

The following object is masked from 'package:purrr':

    flatten

-- Attaching packages --------------------------------------- tidyverse 1.2.1 --
v ggplot2 3.2.0     v purrr   0.3.2
v tibble  2.1.3     v dplyr   0.8.2
v tidyr   0.8.3     v stringr 1.4.0
v readr   1.3.1     v forcats 0.4.0
-- Conflicts ------------------------------------------ tidyverse_conflicts() --
x dplyr::filter() masks stats::filter()
x dplyr::lag()    masks stats::lag()

Attaching package: 'lubridate'

The following object is masked from 'package:base':

    date


Attaching package: 'jsonlite'

The following objects are masked from 'package:RJSONIO':

    fromJSON, toJSON

The following object is masked from 'package:purrr':

    flatten

-- Attaching packages --------------------------------------- tidyverse 1.2.1 --
v ggplot2 3.2.0     v purrr   0.3.2
v tibble  2.1.3     v dplyr   0.8.2
v tidyr   0.8.3     v stringr 1.4.0
v readr   1.3.1     v forcats 0.4.0
-- Conflicts ------------------------------------------ tidyverse_conflicts() --
x dplyr::filter() masks stats::filter()
x dplyr::lag()    masks stats::lag()

Attaching package: 'lubridate'

The following object is masked from 'package:base':

    date


Attaching package: 'jsonlite'

The following objects are masked from 'package:RJSONIO':

    fromJSON, toJSON

The following object is masked from 'package:purrr':

    flatten

-- Attaching packages --------------------------------------- tidyverse 1.2.1 --
v ggplot2 3.2.0     v purrr   0.3.2
v tibble  2.1.3     v dplyr   0.8.2
v tidyr   0.8.3     v stringr 1.4.0
v readr   1.3.1     v forcats 0.4.0
-- Conflicts ------------------------------------------ tidyverse_conflicts() --
x dplyr::filter() masks stats::filter()
x dplyr::lag()    masks stats::lag()

Attaching package: 'lubridate'

The following object is masked from 'package:base':

    date


Attaching package: 'jsonlite'

The following objects are masked from 'package:RJSONIO':

    fromJSON, toJSON

The following object is masked from 'package:purrr':

    flatten

-- Attaching packages --------------------------------------- tidyverse 1.2.1 --
v ggplot2 3.2.0     v purrr   0.3.2
v tibble  2.1.3     v dplyr   0.8.2
v tidyr   0.8.3     v stringr 1.4.0
v readr   1.3.1     v forcats 0.4.0
-- Conflicts ------------------------------------------ tidyverse_conflicts() --
x dplyr::filter() masks stats::filter()
x dplyr::lag()    masks stats::lag()

Attaching package: 'lubridate'

The following object is masked from 'package:base':

    date


Attaching package: 'jsonlite'

The following objects are masked from 'package:RJSONIO':

    fromJSON, toJSON

The following object is masked from 'package:purrr':

    flatten

-- Attaching packages --------------------------------------- tidyverse 1.2.1 --
v ggplot2 3.2.0     v purrr   0.3.2
v tibble  2.1.3     v dplyr   0.8.2
v tidyr   0.8.3     v stringr 1.4.0
v readr   1.3.1     v forcats 0.4.0
-- Conflicts ------------------------------------------ tidyverse_conflicts() --
x dplyr::filter() masks stats::filter()
x dplyr::lag()    masks stats::lag()

Attaching package: 'lubridate'

The following object is masked from 'package:base':

    date


Attaching package: 'jsonlite'

The following objects are masked from 'package:RJSONIO':

    fromJSON, toJSON

The following object is masked from 'package:purrr':

    flatten

-- Attaching packages --------------------------------------- tidyverse 1.2.1 --
v ggplot2 3.2.0     v purrr   0.3.2
v tibble  2.1.3     v dplyr   0.8.2
v tidyr   0.8.3     v stringr 1.4.0
v readr   1.3.1     v forcats 0.4.0
-- Conflicts ------------------------------------------ tidyverse_conflicts() --
x dplyr::filter() masks stats::filter()
x dplyr::lag()    masks stats::lag()

Attaching package: 'lubridate'

The following object is masked from 'package:base':

    date


Attaching package: 'jsonlite'

The following objects are masked from 'package:RJSONIO':

    fromJSON, toJSON

The following object is masked from 'package:purrr':

    flatten

-- Attaching packages --------------------------------------- tidyverse 1.2.1 --
v ggplot2 3.2.0     v purrr   0.3.2
v tibble  2.1.3     v dplyr   0.8.2
v tidyr   0.8.3     v stringr 1.4.0
v readr   1.3.1     v forcats 0.4.0
-- Conflicts ------------------------------------------ tidyverse_conflicts() --
x dplyr::filter() masks stats::filter()
x dplyr::lag()    masks stats::lag()

Attaching package: 'lubridate'

The following object is masked from 'package:base':

    date


Attaching package: 'jsonlite'

The following objects are masked from 'package:RJSONIO':

    fromJSON, toJSON

The following object is masked from 'package:purrr':

    flatten

-- Attaching packages --------------------------------------- tidyverse 1.2.1 --
v ggplot2 3.2.0     v purrr   0.3.2
v tibble  2.1.3     v dplyr   0.8.2
v tidyr   0.8.3     v stringr 1.4.0
v readr   1.3.1     v forcats 0.4.0
-- Conflicts ------------------------------------------ tidyverse_conflicts() --
x dplyr::filter() masks stats::filter()
x dplyr::lag()    masks stats::lag()

Attaching package: 'lubridate'

The following object is masked from 'package:base':

    date


Attaching package: 'jsonlite'

The following objects are masked from 'package:RJSONIO':

    fromJSON, toJSON

The following object is masked from 'package:purrr':

    flatten

-- Attaching packages --------------------------------------- tidyverse 1.2.1 --
v ggplot2 3.2.0     v purrr   0.3.2
v tibble  2.1.3     v dplyr   0.8.2
v tidyr   0.8.3     v stringr 1.4.0
v readr   1.3.1     v forcats 0.4.0
-- Conflicts ------------------------------------------ tidyverse_conflicts() --
x dplyr::filter() masks stats::filter()
x dplyr::lag()    masks stats::lag()

Attaching package: 'lubridate'

The following object is masked from 'package:base':

    date


Attaching package: 'jsonlite'

The following objects are masked from 'package:RJSONIO':

    fromJSON, toJSON

The following object is masked from 'package:purrr':

    flatten

-- Attaching packages --------------------------------------- tidyverse 1.2.1 --
v ggplot2 3.2.0     v purrr   0.3.2
v tibble  2.1.3     v dplyr   0.8.2
v tidyr   0.8.3     v stringr 1.4.0
v readr   1.3.1     v forcats 0.4.0
-- Conflicts ------------------------------------------ tidyverse_conflicts() --
x dplyr::filter() masks stats::filter()
x dplyr::lag()    masks stats::lag()

Attaching package: 'lubridate'

The following object is masked from 'package:base':

    date


Attaching package: 'jsonlite'

The following objects are masked from 'package:RJSONIO':

    fromJSON, toJSON

The following object is masked from 'package:purrr':

    flatten

-- Attaching packages --------------------------------------- tidyverse 1.2.1 --
v ggplot2 3.2.0     v purrr   0.3.2
v tibble  2.1.3     v dplyr   0.8.2
v tidyr   0.8.3     v stringr 1.4.0
v readr   1.3.1     v forcats 0.4.0
-- Conflicts ------------------------------------------ tidyverse_conflicts() --
x dplyr::filter() masks stats::filter()
x dplyr::lag()    masks stats::lag()

Attaching package: 'lubridate'

The following object is masked from 'package:base':

    date


Attaching package: 'jsonlite'

The following objects are masked from 'package:RJSONIO':

    fromJSON, toJSON

The following object is masked from 'package:purrr':

    flatten

-- Attaching packages --------------------------------------- tidyverse 1.2.1 --
v ggplot2 3.2.0     v purrr   0.3.2
v tibble  2.1.3     v dplyr   0.8.2
v tidyr   0.8.3     v stringr 1.4.0
v readr   1.3.1     v forcats 0.4.0
-- Conflicts ------------------------------------------ tidyverse_conflicts() --
x dplyr::filter() masks stats::filter()
x dplyr::lag()    masks stats::lag()

Attaching package: 'lubridate'

The following object is masked from 'package:base':

    date


Attaching package: 'jsonlite'

The following objects are masked from 'package:RJSONIO':

    fromJSON, toJSON

The following object is masked from 'package:purrr':

    flatten

